2026-07-08 20:34:10,891 [INFO] data.market_data: Fetched 400 rows for ^GSPC
2026-07-08 20:34:10,891 [INFO] trading212_bot: Analyzing AAPL...
2026-07-08 20:34:10,993 [INFO] data.market_data: Fetched 400 rows for AAPL
2026-07-08 20:35:19,875 [INFO] trading212_bot: Starting screener run for 6 tickers...
2026-07-08 20:35:20,229 [INFO] data.market_data: Fetched 400 rows for ^GSPC
2026-07-08 20:35:20,229 [INFO] trading212_bot: Analyzing AAPL...
2026-07-08 20:35:20,377 [INFO] data.market_data: Fetched 400 rows for AAPL
2026-07-08 20:35:20,710 [INFO] trading212_bot: Logged HOLD signal for AAPL
2026-07-08 20:35:20,710 [INFO] trading212_bot: AAPL: HOLD (conf=40%)
2026-07-08 20:35:20,710 [INFO] trading212_bot: Analyzing MSFT...
2026-07-08 20:35:20,809 [INFO] data.market_data: Fetched 400 rows for MSFT
2026-07-08 20:35:21,130 [INFO] trading212_bot: Logged HOLD signal for MSFT
2026-07-08 20:35:21,130 [INFO] trading212_bot: MSFT: HOLD (conf=0%)
2026-07-08 20:35:21,130 [INFO] trading212_bot: Analyzing NVDA...
2026-07-08 20:35:21,219 [INFO] data.market_data: Fetched 400 rows for NVDA
2026-07-08 20:35:21,552 [INFO] trading212_bot: Logged HOLD signal for NVDA
2026-07-08 20:35:21,553 [INFO] trading212_bot: NVDA: HOLD (conf=34%)
2026-07-08 20:35:21,553 [INFO] trading212_bot: Analyzing GOOGL...
2026-07-08 20:35:21,687 [INFO] data.market_data: Fetched 400 rows for GOOGL
2026-07-08 20:35:22,014 [INFO] trading212_bot: Logged HOLD signal for GOOGL
2026-07-08 20:35:22,015 [INFO] trading212_bot: GOOGL: HOLD (conf=40%)
2026-07-08 20:35:22,015 [INFO] trading212_bot: Analyzing AMZN...
2026-07-08 20:35:22,169 [INFO] data.market_data: Fetched 400 rows for AMZN
2026-07-08 20:35:22,496 [INFO] trading212_bot: Logged HOLD signal for AMZN
2026-07-08 20:35:22,497 [INFO] trading212_bot: AMZN: HOLD (conf=19%)
2026-07-08 20:35:22,497 [INFO] trading212_bot: Analyzing META...
2026-07-08 20:35:22,648 [INFO] data.market_data: Fetched 400 rows for META
2026-07-08 20:35:22,955 [INFO] trading212_bot: Logged HOLD signal for META
2026-07-08 20:35:22,956 [INFO] trading212_bot: META: HOLD (conf=0%)
2026-07-08 20:35:22,956 [INFO] trading212_bot: Appended 6 signals to /Users/leonaskari/VSCode/trading-bot-test/logs/signals_20260708.csv
2026-07-08 20:35:22,956 [INFO] trading212_bot: Screener run complete: 0/6 signals generated
2026-07-08 20:47:28,836 [INFO] data.t212_adapter: Trading212Client initialised (LIVE mode): https://demo.trading212.com/api/v0
2026-07-08 20:47:40,636 [INFO] data.t212_adapter: Trading212Client initialised (DEMO mode): https://demo.trading212.com/api/v0
2026-07-08 20:48:34,676 [INFO] data.t212_adapter: Trading212Client initialised (LIVE mode): https://demo.trading212.com/api/v0
2026-07-08 20:50:02,836 [INFO] data.t212_adapter: Trading212Client initialised (LIVE mode): https://demo.trading212.com/api/v0
2026-07-08 20:51:15,630 [INFO] data.t212_adapter: Trading212Client initialised (LIVE mode): https://demo.trading212.com/api/v0
2026-07-08 20:52:37,983 [INFO] data.t212_adapter: Trading212Client initialised (DEMO mode): https://demo.trading212.com/api/v0
2026-07-08 20:55:17,231 [INFO] data.t212_adapter: Trading212Client initialised (DEMO mode): https://demo.trading212.com/api/v0
2026-07-08 21:08:35,252 [INFO] data.mt5_adapter: MetaTrader5Client initialised (host=localhost:18812, server=, login=None)
2026-07-08 21:08:35,253 [ERROR] data.mt5_adapter: Failed to connect to MT5 bridge: [Errno 61] Connection refused
2026-07-08 21:08:35,253 [INFO] mt5_bot: Starting MT5 screener run for 3 tickers...
2026-07-08 21:08:35,568 [INFO] data.market_data: Fetched 400 rows for ^GSPC
2026-07-08 21:08:35,568 [INFO] trading212_bot: Analyzing AAPL...
2026-07-08 21:08:35,681 [INFO] data.market_data: Fetched 400 rows for AAPL
2026-07-08 21:08:35,986 [INFO] trading212_bot: Logged HOLD signal for AAPL
2026-07-08 21:08:35,986 [INFO] mt5_bot: AAPL: HOLD (conf=40%)
2026-07-08 21:08:35,986 [INFO] trading212_bot: Analyzing MSFT...
2026-07-08 21:08:36,079 [INFO] data.market_data: Fetched 400 rows for MSFT
2026-07-08 21:08:36,592 [INFO] trading212_bot: Logged HOLD signal for MSFT
2026-07-08 21:08:36,592 [INFO] mt5_bot: MSFT: HOLD (conf=0%)
2026-07-08 21:08:36,592 [INFO] trading212_bot: Analyzing NVDA...
2026-07-08 21:08:36,680 [INFO] data.market_data: Fetched 400 rows for NVDA
2026-07-08 21:08:36,982 [INFO] trading212_bot: Logged HOLD signal for NVDA
2026-07-08 21:08:36,982 [INFO] mt5_bot: NVDA: HOLD (conf=33%)
2026-07-08 21:08:36,983 [INFO] trading212_bot: Appended 3 signals to /Users/leonaskari/VSCode/trading-bot-test/logs/signals_20260708.csv
2026-07-08 21:08:36,983 [INFO] mt5_bot: Screener run complete: 0/3 signals generated
2026-07-08 21:11:06,998 [INFO] data.mt5_adapter: MetaTrader5Client initialised (host=localhost:18812, server=, login=None)
2026-07-08 21:11:07,001 [ERROR] data.mt5_adapter: Failed to connect to MT5 bridge: [Errno 61] Connection refused
2026-07-08 21:11:13,944 [INFO] data.market_data: Filtered out BRK.B: price=0.00 (min=5.00), avg_vol=0 (min=500000)
2026-07-08 21:11:18,405 [INFO] data.mt5_adapter: MetaTrader5Client initialised (host=localhost:18812, server=, login=None)
2026-07-08 21:11:18,406 [ERROR] data.mt5_adapter: Failed to connect to MT5 bridge: [Errno 61] Connection refused
2026-07-08 21:11:20,948 [INFO] data.market_data: Filtered out BRK.B: price=0.00 (min=5.00), avg_vol=0 (min=500000)
2026-07-08 21:11:40,472 [INFO] data.market_data: Filtered out ATVI: price=0.00 (min=5.00), avg_vol=0 (min=500000)
2026-07-08 21:11:40,569 [INFO] data.market_data: Filtered out MMC: price=0.00 (min=5.00), avg_vol=0 (min=500000)
2026-07-08 21:11:41,563 [INFO] data.market_data: Filtered out MMC: price=0.00 (min=5.00), avg_vol=0 (min=500000)
2026-07-08 21:11:44,428 [ERROR] yfinance: HTTP Error 404: {"quoteSummary":{"result":null,"error":{"code":"Not Found","description":"Quote not found for symbol: ANSS"}}}
2026-07-08 21:11:44,605 [INFO] data.market_data: Filtered out ANSS: price=0.00 (min=5.00), avg_vol=0 (min=500000)
2026-07-08 21:11:46,229 [INFO] data.market_data: Filtered out ATVI: price=0.00 (min=5.00), avg_vol=0 (min=500000)
2026-07-08 21:11:48,750 [INFO] data.market_data: Universe filter: 97/100 tickers passed
2026-07-08 21:11:48,865 [INFO] data.market_data: Fetched 400 rows for ^GSPC
2026-07-08 21:11:48,865 [INFO] trading212_bot: Analyzing AAPL...
2026-07-08 21:11:49,018 [INFO] data.market_data: Fetched 400 rows for AAPL
2026-07-08 21:11:49,222 [INFO] trading212_bot: Analyzing MSFT...
2026-07-08 21:11:49,315 [INFO] data.market_data: Fetched 400 rows for MSFT
2026-07-08 21:11:49,514 [INFO] trading212_bot: Analyzing NVDA...
2026-07-08 21:11:49,599 [INFO] data.market_data: Fetched 400 rows for NVDA
2026-07-08 21:11:49,774 [INFO] trading212_bot: Analyzing GOOGL...
2026-07-08 21:11:49,853 [INFO] data.market_data: Fetched 400 rows for GOOGL
2026-07-08 21:11:50,254 [INFO] trading212_bot: Analyzing GOOG...
2026-07-08 21:11:50,391 [INFO] data.market_data: Fetched 400 rows for GOOG
2026-07-08 21:11:50,591 [INFO] trading212_bot: Analyzing AMZN...
2026-07-08 21:11:50,651 [INFO] data.market_data: Fetched 400 rows for AMZN
2026-07-08 21:11:50,837 [INFO] trading212_bot: Analyzing META...
2026-07-08 21:11:50,903 [INFO] data.market_data: Fetched 400 rows for META
2026-07-08 21:11:51,207 [INFO] trading212_bot: Analyzing TSLA...
2026-07-08 21:11:51,373 [INFO] data.market_data: Fetched 400 rows for TSLA
2026-07-08 21:11:51,566 [INFO] trading212_bot: Analyzing AVGO...
2026-07-08 21:11:51,709 [INFO] data.market_data: Fetched 400 rows for AVGO
2026-07-08 21:11:52,013 [INFO] trading212_bot: Analyzing JPM...
2026-07-08 21:11:52,256 [INFO] data.market_data: Fetched 400 rows for JPM
2026-07-08 21:11:52,657 [INFO] trading212_bot: Analyzing V...
2026-07-08 21:11:52,860 [INFO] data.market_data: Fetched 400 rows for V
2026-07-08 21:11:53,213 [ERROR] yfinance: HTTP Error 404: {"quoteSummary":{"result":null,"error":{"code":"Not Found","description":"Quote not found for symbol: WBA"}}}
2026-07-08 21:11:53,283 [INFO] trading212_bot: Analyzing PG...
2026-07-08 21:11:53,425 [INFO] data.market_data: Filtered out WBA: price=0.00 (min=5.00), avg_vol=0 (min=500000)
2026-07-08 21:11:53,557 [INFO] data.market_data: Fetched 400 rows for PG
2026-07-08 21:11:53,758 [INFO] trading212_bot: Analyzing JNJ...
2026-07-08 21:11:54,015 [INFO] data.market_data: Fetched 400 rows for JNJ
2026-07-08 21:11:54,225 [INFO] trading212_bot: Analyzing WMT...
2026-07-08 21:11:54,456 [INFO] data.market_data: Fetched 400 rows for WMT
2026-07-08 21:11:54,666 [INFO] trading212_bot: Analyzing XOM...
2026-07-08 21:11:54,930 [INFO] data.market_data: Fetched 400 rows for XOM
2026-07-08 21:11:55,132 [INFO] trading212_bot: Analyzing MA...
2026-07-08 21:11:55,298 [INFO] data.market_data: Fetched 400 rows for MA
2026-07-08 21:11:55,505 [INFO] trading212_bot: Analyzing COST...
2026-07-08 21:11:55,714 [INFO] data.market_data: Fetched 400 rows for COST
2026-07-08 21:11:56,031 [INFO] trading212_bot: Analyzing UNH...
2026-07-08 21:11:56,091 [ERROR] yfinance: HTTP Error 404: {"quoteSummary":{"result":null,"error":{"code":"Not Found","description":"Quote not found for symbol: CFLT"}}}
2026-07-08 21:11:56,259 [INFO] data.market_data: Fetched 400 rows for UNH
2026-07-08 21:11:56,275 [INFO] data.market_data: Filtered out CFLT: price=0.00 (min=5.00), avg_vol=0 (min=500000)
2026-07-08 21:11:56,450 [INFO] trading212_bot: Analyzing HD...
2026-07-08 21:11:56,663 [INFO] data.market_data: Fetched 400 rows for HD
2026-07-08 21:11:56,978 [INFO] trading212_bot: Analyzing ORCL...
2026-07-08 21:11:57,145 [INFO] data.market_data: Fetched 400 rows for ORCL
2026-07-08 21:11:57,329 [INFO] trading212_bot: Analyzing BAC...
2026-07-08 21:11:57,528 [INFO] data.market_data: Fetched 400 rows for BAC
2026-07-08 21:11:57,738 [INFO] trading212_bot: Analyzing NFLX...
2026-07-08 21:11:57,880 [INFO] data.market_data: Fetched 400 rows for NFLX
2026-07-08 21:11:58,085 [INFO] trading212_bot: Analyzing CRM...
2026-07-08 21:11:58,211 [INFO] data.market_data: Fetched 400 rows for CRM
2026-07-08 21:11:58,412 [INFO] trading212_bot: Analyzing ABBV...
2026-07-08 21:11:58,586 [INFO] data.market_data: Fetched 400 rows for ABBV
2026-07-08 21:11:59,100 [INFO] trading212_bot: Analyzing CVX...
2026-07-08 21:11:59,407 [INFO] data.market_data: Fetched 400 rows for CVX
2026-07-08 21:11:59,608 [INFO] trading212_bot: Analyzing KO...
2026-07-08 21:11:59,923 [INFO] data.market_data: Fetched 400 rows for KO
2026-07-08 21:12:00,159 [INFO] trading212_bot: Analyzing ADBE...
2026-07-08 21:12:00,318 [INFO] data.market_data: Fetched 400 rows for ADBE
2026-07-08 21:12:00,517 [INFO] trading212_bot: Analyzing PEP...
2026-07-08 21:12:00,812 [INFO] data.market_data: Fetched 400 rows for PEP
2026-07-08 21:12:01,004 [INFO] trading212_bot: Analyzing DIS...
2026-07-08 21:12:01,281 [INFO] data.market_data: Fetched 400 rows for DIS
2026-07-08 21:12:01,458 [INFO] trading212_bot: Analyzing AMD...
2026-07-08 21:12:01,569 [INFO] data.market_data: Fetched 400 rows for AMD
2026-07-08 21:12:09,991 [INFO] data.market_data: Universe filter: 184/190 tickers passed
2026-07-08 21:12:13,557 [INFO] data.mt5_adapter: MetaTrader5Client initialised (host=localhost:18812, server=, login=10011664127)
2026-07-08 21:12:13,557 [ERROR] data.mt5_adapter: Failed to connect to MT5 bridge: [Errno 61] Connection refused
2026-07-08 21:12:16,517 [INFO] data.market_data: Filtered out BRK.B: price=0.00 (min=5.00), avg_vol=0 (min=500000)
2026-07-08 21:12:26,418 [INFO] data.mt5_adapter: MetaTrader5Client initialised (host=localhost:18812, server=, login=10011664127)
2026-07-08 21:12:26,420 [ERROR] data.mt5_adapter: Failed to connect to MT5 bridge: [Errno 61] Connection refused
2026-07-08 21:12:32,999 [INFO] data.market_data: Filtered out BRK.B: price=0.00 (min=5.00), avg_vol=0 (min=500000)
2026-07-08 21:12:36,843 [INFO] data.market_data: Filtered out MMC: price=0.00 (min=5.00), avg_vol=0 (min=500000)
2026-07-08 21:12:41,762 [INFO] data.market_data: Filtered out ATVI: price=0.00 (min=5.00), avg_vol=0 (min=500000)
2026-07-08 21:12:44,075 [INFO] data.market_data: Universe filter: 97/100 tickers passed
2026-07-08 21:12:58,083 [INFO] data.market_data: Filtered out ATVI: price=0.00 (min=5.00), avg_vol=0 (min=500000)
2026-07-08 21:12:59,295 [INFO] data.market_data: Filtered out MMC: price=0.00 (min=5.00), avg_vol=0 (min=500000)
2026-07-08 21:13:02,047 [ERROR] yfinance: HTTP Error 404: {"quoteSummary":{"result":null,"error":{"code":"Not Found","description":"Quote not found for symbol: ANSS"}}}
2026-07-08 21:13:02,209 [INFO] data.market_data: Filtered out ANSS: price=0.00 (min=5.00), avg_vol=0 (min=500000)
2026-07-08 21:13:11,568 [ERROR] yfinance: HTTP Error 404: {"quoteSummary":{"result":null,"error":{"code":"Not Found","description":"Quote not found for symbol: WBA"}}}
2026-07-08 21:13:11,753 [INFO] data.market_data: Filtered out WBA: price=0.00 (min=5.00), avg_vol=0 (min=500000)
2026-07-08 21:13:14,388 [ERROR] yfinance: HTTP Error 404: {"quoteSummary":{"result":null,"error":{"code":"Not Found","description":"Quote not found for symbol: CFLT"}}}
2026-07-08 21:13:14,551 [INFO] data.market_data: Filtered out CFLT: price=0.00 (min=5.00), avg_vol=0 (min=500000)
2026-07-08 21:13:29,274 [INFO] data.market_data: Universe filter: 184/190 tickers passed
2026-07-08 21:13:29,342 [INFO] data.market_data: Fetched 400 rows for ^GSPC
2026-07-08 21:13:29,342 [INFO] trading212_bot: Analyzing XLP...
2026-07-08 21:13:29,543 [INFO] data.market_data: Fetched 400 rows for XLP
2026-07-08 21:13:30,073 [INFO] trading212_bot: Analyzing ISRG...
2026-07-08 21:13:30,207 [INFO] data.market_data: Fetched 400 rows for ISRG
2026-07-08 21:13:30,522 [INFO] trading212_bot: Analyzing AVGO...
2026-07-08 21:13:30,618 [INFO] data.market_data: Fetched 400 rows for AVGO
2026-07-08 21:13:30,940 [INFO] trading212_bot: Analyzing VRSK...
2026-07-08 21:13:31,080 [INFO] data.market_data: Fetched 400 rows for VRSK
2026-07-08 21:13:31,395 [INFO] trading212_bot: Analyzing C...
2026-07-08 21:13:31,630 [INFO] data.market_data: Fetched 400 rows for C
2026-07-08 21:13:31,927 [INFO] trading212_bot: Analyzing SIRI...
2026-07-08 21:13:32,079 [INFO] data.market_data: Fetched 400 rows for SIRI
2026-07-08 21:13:32,573 [INFO] trading212_bot: Analyzing SPY...
2026-07-08 21:13:32,775 [INFO] data.market_data: Fetched 400 rows for SPY
2026-07-08 21:13:33,091 [INFO] trading212_bot: Analyzing MS...
2026-07-08 21:13:33,274 [INFO] data.market_data: Fetched 400 rows for MS
2026-07-08 21:13:33,586 [INFO] trading212_bot: Analyzing CI...
2026-07-08 21:13:33,810 [INFO] data.market_data: Fetched 400 rows for CI
2026-07-08 21:13:34,114 [INFO] trading212_bot: Analyzing RIVN...
2026-07-08 21:13:34,256 [INFO] data.market_data: Fetched 400 rows for RIVN
2026-07-08 21:13:34,835 [INFO] trading212_bot: Analyzing DIA...
2026-07-08 21:13:35,064 [INFO] data.market_data: Fetched 400 rows for DIA
2026-07-08 21:13:35,381 [INFO] trading212_bot: Analyzing MELI...
2026-07-08 21:13:35,508 [INFO] data.market_data: Fetched 400 rows for MELI
2026-07-08 21:13:35,986 [INFO] trading212_bot: Analyzing CRWD...
2026-07-08 21:13:36,099 [INFO] data.market_data: Fetched 400 rows for CRWD
2026-07-08 21:13:36,405 [INFO] trading212_bot: Analyzing XLU...
2026-07-08 21:13:36,656 [INFO] data.market_data: Fetched 400 rows for XLU
2026-07-08 21:13:37,167 [INFO] trading212_bot: Analyzing MRVL...
2026-07-08 21:13:37,355 [INFO] data.market_data: Fetched 400 rows for MRVL
2026-07-08 21:13:37,667 [INFO] trading212_bot: Analyzing TGT...
2026-07-08 21:13:37,893 [INFO] data.market_data: Fetched 400 rows for TGT
2026-07-08 21:13:38,202 [INFO] trading212_bot: Analyzing CDNS...
2026-07-08 21:13:38,305 [INFO] data.market_data: Fetched 400 rows for CDNS
2026-07-08 21:13:38,630 [INFO] trading212_bot: Analyzing SO...
2026-07-08 21:13:38,855 [INFO] data.market_data: Fetched 400 rows for SO
2026-07-08 21:13:39,169 [INFO] trading212_bot: Analyzing ODFL...
2026-07-08 21:13:39,322 [INFO] data.market_data: Fetched 400 rows for ODFL
2026-07-08 21:13:39,658 [INFO] trading212_bot: Analyzing LRCX...
2026-07-08 21:13:39,815 [INFO] data.market_data: Fetched 400 rows for LRCX
2026-07-08 21:13:40,208 [INFO] trading212_bot: Analyzing BIIB...
2026-07-08 21:13:40,322 [INFO] data.market_data: Fetched 400 rows for BIIB
2026-07-08 21:13:40,673 [INFO] trading212_bot: Analyzing CPRT...
2026-07-08 21:13:40,793 [INFO] data.market_data: Fetched 400 rows for CPRT
2026-07-08 21:13:41,096 [INFO] trading212_bot: Analyzing DOCU...
2026-07-08 21:13:41,244 [INFO] data.market_data: Fetched 400 rows for DOCU
2026-07-08 21:13:41,757 [INFO] trading212_bot: Analyzing XLY...
2026-07-08 21:13:42,010 [INFO] data.market_data: Fetched 400 rows for XLY
2026-07-08 21:13:42,310 [INFO] trading212_bot: Analyzing CTSH...
2026-07-08 21:13:42,454 [INFO] data.market_data: Fetched 400 rows for CTSH
2026-07-08 21:13:42,763 [INFO] trading212_bot: Analyzing XLB...
2026-07-08 21:13:42,960 [INFO] data.market_data: Fetched 400 rows for XLB
2026-07-08 21:13:43,275 [INFO] trading212_bot: Analyzing TMO...
2026-07-08 21:13:43,457 [INFO] data.market_data: Fetched 400 rows for TMO
2026-07-08 21:13:43,787 [INFO] trading212_bot: Analyzing ABBV...
2026-07-08 21:13:43,901 [INFO] data.market_data: Fetched 400 rows for ABBV
2026-07-08 21:13:44,219 [INFO] trading212_bot: Analyzing MU...
2026-07-08 21:13:44,404 [INFO] data.market_data: Fetched 400 rows for MU
2026-07-08 21:13:44,731 [INFO] trading212_bot: Analyzing META...
2026-07-08 21:13:44,822 [INFO] data.market_data: Fetched 400 rows for META
2026-07-08 21:13:45,137 [INFO] trading212_bot: Analyzing MRNA...
2026-07-08 21:13:45,250 [INFO] data.market_data: Fetched 400 rows for MRNA
2026-07-08 21:13:45,569 [INFO] trading212_bot: Analyzing AAPL...
2026-07-08 21:13:45,710 [INFO] data.market_data: Fetched 400 rows for AAPL
2026-07-08 21:13:46,037 [INFO] trading212_bot: Analyzing COP...
2026-07-08 21:13:46,269 [INFO] data.market_data: Fetched 400 rows for COP
2026-07-08 21:13:46,587 [INFO] trading212_bot: Analyzing GILD...
2026-07-08 21:13:46,716 [INFO] data.market_data: Fetched 400 rows for GILD
2026-07-08 21:13:47,038 [INFO] trading212_bot: Analyzing ADI...
2026-07-08 21:13:47,219 [INFO] data.market_data: Fetched 400 rows for ADI
2026-07-08 21:13:47,530 [INFO] trading212_bot: Analyzing MCD...
2026-07-08 21:13:47,792 [INFO] data.market_data: Fetched 400 rows for MCD
2026-07-08 21:13:48,106 [INFO] trading212_bot: Analyzing IWM...
2026-07-08 21:13:48,282 [INFO] data.market_data: Fetched 400 rows for IWM
2026-07-08 21:13:48,577 [INFO] trading212_bot: Analyzing CAT...
2026-07-08 21:13:48,897 [INFO] data.market_data: Fetched 400 rows for CAT
2026-07-08 21:13:49,208 [INFO] trading212_bot: Analyzing BSX...
2026-07-08 21:13:49,320 [INFO] data.market_data: Fetched 400 rows for BSX
2026-07-08 21:13:49,632 [INFO] trading212_bot: Analyzing BA...
2026-07-08 21:13:49,952 [INFO] data.market_data: Fetched 400 rows for BA
2026-07-08 21:13:50,260 [INFO] trading212_bot: Analyzing CB...
2026-07-08 21:13:50,456 [INFO] data.market_data: Fetched 400 rows for CB
2026-07-08 21:13:50,939 [INFO] trading212_bot: Analyzing KLAC...
2026-07-08 21:13:51,156 [INFO] data.market_data: Fetched 400 rows for KLAC
2026-07-08 21:13:51,501 [INFO] trading212_bot: Analyzing HD...
2026-07-08 21:13:51,617 [INFO] data.market_data: Fetched 400 rows for HD
2026-07-08 21:13:52,247 [INFO] trading212_bot: Analyzing INTU...
2026-07-08 21:13:52,411 [INFO] data.market_data: Fetched 400 rows for INTU
2026-07-08 21:13:52,763 [INFO] trading212_bot: Analyzing BMY...
2026-07-08 21:13:53,014 [INFO] data.market_data: Fetched 400 rows for BMY
2026-07-08 21:13:53,374 [INFO] trading212_bot: Analyzing GOOGL...
2026-07-08 21:13:53,460 [INFO] data.market_data: Fetched 400 rows for GOOGL
2026-07-08 21:13:53,784 [INFO] trading212_bot: Analyzing LCID...
2026-07-08 21:13:53,907 [INFO] data.market_data: Fetched 400 rows for LCID
2026-07-08 21:13:54,243 [INFO] trading212_bot: Analyzing ZS...
2026-07-08 21:13:54,369 [INFO] data.market_data: Fetched 400 rows for ZS
2026-07-08 21:13:54,672 [INFO] trading212_bot: Analyzing UPS...
2026-07-08 21:13:54,835 [INFO] data.market_data: Fetched 400 rows for UPS
2026-07-08 21:13:55,191 [INFO] trading212_bot: Analyzing GE...
2026-07-08 21:13:55,483 [INFO] data.market_data: Fetched 400 rows for GE
2026-07-08 21:13:55,829 [INFO] trading212_bot: Analyzing NEE...
2026-07-08 21:13:56,054 [INFO] data.market_data: Fetched 400 rows for NEE
2026-07-08 21:13:56,600 [INFO] trading212_bot: Analyzing AMD...
2026-07-08 21:13:56,671 [INFO] data.market_data: Fetched 400 rows for AMD
2026-07-08 21:13:57,007 [INFO] trading212_bot: Analyzing ITW...
2026-07-08 21:13:57,226 [INFO] data.market_data: Fetched 400 rows for ITW
2026-07-08 21:13:57,732 [INFO] trading212_bot: Analyzing SWKS...
2026-07-08 21:13:57,895 [INFO] data.market_data: Fetched 400 rows for SWKS
2026-07-08 21:13:58,238 [INFO] trading212_bot: Analyzing PATH...
2026-07-08 21:13:58,371 [INFO] data.market_data: Fetched 400 rows for PATH
2026-07-08 21:13:58,716 [INFO] trading212_bot: Analyzing DDOG...
2026-07-08 21:13:58,845 [INFO] data.market_data: Fetched 400 rows for DDOG
2026-07-08 21:13:59,416 [INFO] trading212_bot: Analyzing ABT...
2026-07-08 21:13:59,626 [INFO] data.market_data: Fetched 400 rows for ABT
2026-07-08 21:13:59,976 [INFO] trading212_bot: Analyzing LIN...
2026-07-08 21:14:00,176 [INFO] data.market_data: Fetched 400 rows for LIN
2026-07-08 21:14:00,498 [INFO] trading212_bot: Analyzing PM...
2026-07-08 21:14:00,684 [INFO] data.market_data: Fetched 400 rows for PM
2026-07-08 21:14:01,005 [INFO] trading212_bot: Analyzing SNPS...
2026-07-08 21:14:01,122 [INFO] data.market_data: Fetched 400 rows for SNPS
2026-07-08 21:14:01,447 [INFO] trading212_bot: Analyzing ETN...
2026-07-08 21:14:01,719 [INFO] data.market_data: Fetched 400 rows for ETN
2026-07-08 21:14:02,028 [INFO] trading212_bot: Analyzing TXN...
2026-07-08 21:14:02,273 [INFO] data.market_data: Fetched 400 rows for TXN
2026-07-08 21:14:02,589 [INFO] trading212_bot: Analyzing IBM...
2026-07-08 21:14:02,872 [INFO] data.market_data: Fetched 400 rows for IBM
2026-07-08 21:14:03,192 [INFO] trading212_bot: Analyzing XLRE...
2026-07-08 21:14:03,333 [INFO] data.market_data: Fetched 400 rows for XLRE
2026-07-08 21:14:03,647 [INFO] trading212_bot: Analyzing CRM...
2026-07-08 21:14:03,737 [INFO] data.market_data: Fetched 400 rows for CRM
2026-07-08 21:14:04,046 [INFO] trading212_bot: Analyzing BAC...
2026-07-08 21:14:04,188 [INFO] data.market_data: Fetched 400 rows for BAC
2026-07-08 21:14:04,505 [INFO] trading212_bot: Analyzing WBD...
2026-07-08 21:14:04,632 [INFO] data.market_data: Fetched 400 rows for WBD
2026-07-08 21:14:04,949 [INFO] trading212_bot: Analyzing SPGI...
2026-07-08 21:14:05,204 [INFO] data.market_data: Fetched 400 rows for SPGI
2026-07-08 21:14:05,507 [INFO] trading212_bot: Analyzing ESTC...
2026-07-08 21:14:05,619 [INFO] data.market_data: Fetched 400 rows for ESTC
2026-07-08 21:14:05,931 [INFO] trading212_bot: Analyzing GTLB...
2026-07-08 21:14:06,036 [INFO] data.market_data: Fetched 400 rows for GTLB
2026-07-08 21:14:06,362 [INFO] trading212_bot: Analyzing XLK...
2026-07-08 21:14:06,556 [INFO] data.market_data: Fetched 400 rows for XLK
2026-07-08 21:14:07,033 [INFO] trading212_bot: Analyzing JPM...
2026-07-08 21:14:07,159 [INFO] data.market_data: Fetched 400 rows for JPM
2026-07-08 21:14:07,482 [INFO] trading212_bot: Analyzing GOOG...
2026-07-08 21:14:07,564 [INFO] data.market_data: Fetched 400 rows for GOOG
2026-07-08 21:14:07,875 [INFO] trading212_bot: Analyzing WMT...
2026-07-08 21:14:08,050 [INFO] data.market_data: Fetched 400 rows for WMT
2026-07-08 21:14:08,363 [INFO] trading212_bot: Analyzing EBAY...
2026-07-08 21:14:08,498 [INFO] data.market_data: Fetched 400 rows for EBAY
2026-07-08 21:14:08,824 [INFO] trading212_bot: Analyzing NFLX...
2026-07-08 21:14:08,893 [INFO] data.market_data: Fetched 400 rows for NFLX
2026-07-08 21:14:09,209 [INFO] trading212_bot: Analyzing CHTR...
2026-07-08 21:14:09,326 [INFO] data.market_data: Fetched 400 rows for CHTR
2026-07-08 21:14:09,650 [INFO] trading212_bot: Analyzing XOM...
2026-07-08 21:14:09,824 [INFO] data.market_data: Fetched 400 rows for XOM
2026-07-08 21:14:10,131 [INFO] trading212_bot: Analyzing TSLA...
2026-07-08 21:14:10,196 [INFO] data.market_data: Fetched 400 rows for TSLA
2026-07-08 21:14:10,523 [INFO] trading212_bot: Analyzing KO...
2026-07-08 21:14:10,670 [INFO] data.market_data: Fetched 400 rows for KO
2026-07-08 21:14:10,989 [INFO] trading212_bot: Analyzing BND...
2026-07-08 21:14:11,166 [INFO] data.market_data: Fetched 400 rows for BND
2026-07-08 21:14:11,487 [INFO] trading212_bot: Analyzing UNP...
2026-07-08 21:14:11,721 [INFO] data.market_data: Fetched 400 rows for UNP
2026-07-08 21:14:12,229 [INFO] trading212_bot: Analyzing GS...
2026-07-08 21:14:12,445 [INFO] data.market_data: Fetched 400 rows for GS
2026-07-08 21:14:12,782 [INFO] trading212_bot: Analyzing COST...
2026-07-08 21:14:12,922 [INFO] data.market_data: Fetched 400 rows for COST
2026-07-08 21:14:13,234 [INFO] trading212_bot: Analyzing AXP...
2026-07-08 21:14:13,514 [INFO] data.market_data: Fetched 400 rows for AXP
2026-07-08 21:14:13,835 [INFO] trading212_bot: Analyzing ORLY...
2026-07-08 21:14:13,960 [INFO] data.market_data: Fetched 400 rows for ORLY
2026-07-08 21:14:14,277 [INFO] trading212_bot: Analyzing PAYX...
2026-07-08 21:14:14,504 [INFO] data.market_data: Fetched 400 rows for PAYX
2026-07-08 21:14:14,814 [INFO] trading212_bot: Analyzing JNJ...
2026-07-08 21:14:15,023 [INFO] data.market_data: Fetched 400 rows for JNJ
2026-07-08 21:14:15,352 [INFO] trading212_bot: Analyzing IDXX...
2026-07-08 21:14:15,480 [INFO] data.market_data: Fetched 400 rows for IDXX
2026-07-08 21:14:15,810 [INFO] trading212_bot: Analyzing VZ...
2026-07-08 21:14:16,064 [INFO] data.market_data: Fetched 400 rows for VZ
2026-07-08 21:14:16,602 [INFO] trading212_bot: Analyzing T...
2026-07-08 21:14:16,817 [INFO] data.market_data: Fetched 400 rows for T
2026-07-08 21:14:17,320 [INFO] trading212_bot: Analyzing LMT...
2026-07-08 21:14:17,754 [INFO] data.market_data: Fetched 400 rows for LMT
2026-07-08 21:14:18,187 [INFO] trading212_bot: Analyzing PG...
2026-07-08 21:14:18,334 [INFO] data.market_data: Fetched 400 rows for PG
2026-07-08 21:14:18,834 [INFO] trading212_bot: Analyzing PGR...
2026-07-08 21:14:19,081 [INFO] data.market_data: Fetched 400 rows for PGR
2026-07-08 21:14:19,382 [INFO] trading212_bot: Analyzing XLF...
2026-07-08 21:14:19,565 [INFO] data.market_data: Fetched 400 rows for XLF
2026-07-08 21:14:19,887 [INFO] trading212_bot: Analyzing MSFT...
2026-07-08 21:14:19,992 [INFO] data.market_data: Fetched 400 rows for MSFT
2026-07-08 21:14:20,326 [INFO] trading212_bot: Analyzing MCHP...
2026-07-08 21:14:20,504 [INFO] data.market_data: Fetched 400 rows for MCHP
2026-07-08 21:14:20,820 [INFO] trading212_bot: Analyzing ELV...
2026-07-08 21:14:20,984 [INFO] data.market_data: Fetched 400 rows for ELV
2026-07-08 21:14:21,323 [INFO] trading212_bot: Analyzing NXPI...
2026-07-08 21:14:21,483 [INFO] data.market_data: Fetched 400 rows for NXPI
2026-07-08 21:14:22,190 [INFO] trading212_bot: Analyzing NET...
2026-07-08 21:14:22,298 [INFO] data.market_data: Fetched 400 rows for NET
2026-07-08 21:14:22,616 [INFO] trading212_bot: Analyzing SYK...
2026-07-08 21:14:22,809 [INFO] data.market_data: Fetched 400 rows for SYK
2026-07-08 21:14:23,116 [INFO] trading212_bot: Analyzing ADBE...
2026-07-08 21:14:23,190 [INFO] data.market_data: Fetched 400 rows for ADBE
2026-07-08 21:14:23,499 [INFO] trading212_bot: Analyzing KDP...
2026-07-08 21:14:23,656 [INFO] data.market_data: Fetched 400 rows for KDP
2026-07-08 21:14:23,976 [INFO] trading212_bot: Analyzing RTX...
2026-07-08 21:14:24,243 [INFO] data.market_data: Fetched 400 rows for RTX
2026-07-08 21:14:24,578 [INFO] trading212_bot: Analyzing NOW...
2026-07-08 21:14:24,685 [INFO] data.market_data: Fetched 400 rows for NOW
2026-07-08 21:14:25,001 [INFO] trading212_bot: Analyzing ROP...
2026-07-08 21:14:25,236 [INFO] data.market_data: Fetched 400 rows for ROP
2026-07-08 21:14:25,552 [INFO] trading212_bot: Analyzing AZN...
2026-07-08 21:14:25,756 [INFO] data.market_data: Fetched 400 rows for AZN
2026-07-08 21:14:26,100 [INFO] trading212_bot: Analyzing MAR...
2026-07-08 21:14:26,343 [INFO] data.market_data: Fetched 400 rows for MAR
2026-07-08 21:14:26,653 [INFO] trading212_bot: Analyzing REGN...
2026-07-08 21:14:26,763 [INFO] data.market_data: Fetched 400 rows for REGN
2026-07-08 21:14:27,080 [INFO] trading212_bot: Analyzing XLI...
2026-07-08 21:14:27,289 [INFO] data.market_data: Fetched 400 rows for XLI
2026-07-08 21:14:27,884 [INFO] trading212_bot: Analyzing MDT...
2026-07-08 21:14:28,104 [INFO] data.market_data: Fetched 400 rows for MDT
2026-07-08 21:14:28,457 [INFO] trading212_bot: Analyzing WDAY...
2026-07-08 21:14:28,576 [INFO] data.market_data: Fetched 400 rows for WDAY
2026-07-08 21:14:28,893 [INFO] trading212_bot: Analyzing ALGN...
2026-07-08 21:14:29,011 [INFO] data.market_data: Fetched 400 rows for ALGN
2026-07-08 21:14:29,533 [INFO] trading212_bot: Analyzing TMUS...
2026-07-08 21:14:29,728 [INFO] data.market_data: Fetched 400 rows for TMUS
2026-07-08 21:14:30,028 [INFO] trading212_bot: Analyzing MDB...
2026-07-08 21:14:30,185 [INFO] data.market_data: Fetched 400 rows for MDB
2026-07-08 21:14:30,509 [INFO] trading212_bot: Analyzing IVV...
2026-07-08 21:14:30,689 [INFO] data.market_data: Fetched 400 rows for IVV
2026-07-08 21:14:30,994 [INFO] trading212_bot: Analyzing LOW...
2026-07-08 21:14:31,221 [INFO] data.market_data: Fetched 400 rows for LOW
2026-07-08 21:14:31,526 [INFO] trading212_bot: Analyzing ZTS...
2026-07-08 21:14:31,732 [INFO] data.market_data: Fetched 400 rows for ZTS
2026-07-08 21:14:32,211 [INFO] trading212_bot: Analyzing NVDA...
2026-07-08 21:14:32,312 [INFO] data.market_data: Fetched 400 rows for NVDA
2026-07-08 21:14:32,623 [INFO] trading212_bot: Analyzing ACN...
2026-07-08 21:14:32,796 [INFO] data.market_data: Fetched 400 rows for ACN
2026-07-08 21:14:33,094 [INFO] trading212_bot: Analyzing AMZN...
2026-07-08 21:14:33,163 [INFO] data.market_data: Fetched 400 rows for AMZN
2026-07-08 21:14:33,498 [INFO] trading212_bot: Analyzing ILMN...
2026-07-08 21:14:33,604 [INFO] data.market_data: Fetched 400 rows for ILMN
2026-07-08 21:14:33,917 [INFO] trading212_bot: Analyzing LULU...
2026-07-08 21:14:34,034 [INFO] data.market_data: Fetched 400 rows for LULU
2026-07-08 21:14:34,383 [INFO] trading212_bot: Analyzing VWO...
2026-07-08 21:14:34,557 [INFO] data.market_data: Fetched 400 rows for VWO
2026-07-08 21:14:34,865 [INFO] trading212_bot: Analyzing PFE...
2026-07-08 21:14:35,177 [INFO] data.market_data: Fetched 400 rows for PFE
2026-07-08 21:14:35,487 [INFO] trading212_bot: Analyzing MNST...
2026-07-08 21:14:35,600 [INFO] data.market_data: Fetched 400 rows for MNST
2026-07-08 21:14:35,949 [INFO] trading212_bot: Analyzing OKTA...
2026-07-08 21:14:36,067 [INFO] data.market_data: Fetched 400 rows for OKTA
2026-07-08 21:14:36,588 [INFO] trading212_bot: Analyzing VTI...
2026-07-08 21:14:36,782 [INFO] data.market_data: Fetched 400 rows for VTI
2026-07-08 21:14:37,281 [INFO] trading212_bot: Analyzing AMAT...
2026-07-08 21:14:37,452 [INFO] data.market_data: Fetched 400 rows for AMAT
2026-07-08 21:14:37,759 [INFO] trading212_bot: Analyzing DXCM...
2026-07-08 21:14:37,903 [INFO] data.market_data: Fetched 400 rows for DXCM
2026-07-08 21:14:38,215 [INFO] trading212_bot: Analyzing MDLZ...
2026-07-08 21:14:38,404 [INFO] data.market_data: Fetched 400 rows for MDLZ
2026-07-08 21:14:38,768 [INFO] trading212_bot: Analyzing SCHW...
2026-07-08 21:14:39,061 [INFO] data.market_data: Fetched 400 rows for SCHW
2026-07-08 21:14:39,532 [INFO] trading212_bot: Analyzing EA...
2026-07-08 21:14:39,685 [INFO] data.market_data: Fetched 400 rows for EA
2026-07-08 21:14:39,997 [INFO] trading212_bot: Analyzing XLE...
2026-07-08 21:14:40,227 [INFO] data.market_data: Fetched 400 rows for XLE
2026-07-08 21:14:40,588 [INFO] trading212_bot: Analyzing UNH...
2026-07-08 21:14:40,731 [INFO] data.market_data: Fetched 400 rows for UNH
2026-07-08 21:14:41,049 [INFO] trading212_bot: Analyzing V...
2026-07-08 21:14:41,133 [INFO] data.market_data: Fetched 400 rows for V
2026-07-08 21:14:42,093 [INFO] trading212_bot: Analyzing FAST...
2026-07-08 21:14:42,316 [INFO] data.market_data: Fetched 400 rows for FAST
2026-07-08 21:14:42,642 [INFO] trading212_bot: Analyzing ABNB...
2026-07-08 21:14:42,745 [INFO] data.market_data: Fetched 400 rows for ABNB
2026-07-08 21:14:43,083 [INFO] trading212_bot: Analyzing DUK...
2026-07-08 21:14:43,297 [INFO] data.market_data: Fetched 400 rows for DUK
2026-07-08 21:14:43,595 [INFO] trading212_bot: Analyzing XEL...
2026-07-08 21:14:43,870 [INFO] data.market_data: Fetched 400 rows for XEL
2026-07-08 21:14:44,186 [INFO] trading212_bot: Analyzing ORCL...
2026-07-08 21:14:44,287 [INFO] data.market_data: Fetched 400 rows for ORCL
2026-07-08 21:14:44,621 [INFO] trading212_bot: Analyzing DASH...
2026-07-08 21:14:44,728 [INFO] data.market_data: Fetched 400 rows for DASH
2026-07-08 21:14:45,044 [INFO] trading212_bot: Analyzing HON...
2026-07-08 21:14:45,378 [INFO] data.market_data: Fetched 400 rows for HON
2026-07-08 21:14:45,706 [INFO] trading212_bot: Analyzing BKNG...
2026-07-08 21:14:45,844 [INFO] data.market_data: Fetched 400 rows for BKNG
2026-07-08 21:14:46,150 [INFO] trading212_bot: Analyzing EXC...
2026-07-08 21:14:46,386 [INFO] data.market_data: Fetched 400 rows for EXC
2026-07-08 21:14:46,687 [INFO] trading212_bot: Analyzing HOOD...
2026-07-08 21:14:46,800 [INFO] data.market_data: Fetched 400 rows for HOOD
2026-07-08 21:14:47,106 [INFO] trading212_bot: Analyzing CME...
2026-07-08 21:14:47,294 [INFO] data.market_data: Fetched 400 rows for CME
2026-07-08 21:14:47,624 [INFO] trading212_bot: Analyzing EOG...
2026-07-08 21:14:47,835 [INFO] data.market_data: Fetched 400 rows for EOG
2026-07-08 21:14:48,152 [INFO] trading212_bot: Analyzing PANW...
2026-07-08 21:14:48,277 [INFO] data.market_data: Fetched 400 rows for PANW
2026-07-08 21:14:48,610 [INFO] trading212_bot: Analyzing DIS...
2026-07-08 21:14:48,750 [INFO] data.market_data: Fetched 400 rows for DIS
2026-07-08 21:14:49,067 [INFO] trading212_bot: Analyzing TTWO...
2026-07-08 21:14:49,185 [INFO] data.market_data: Fetched 400 rows for TTWO
2026-07-08 21:14:49,527 [INFO] trading212_bot: Analyzing VEA...
2026-07-08 21:14:49,701 [INFO] data.market_data: Fetched 400 rows for VEA
2026-07-08 21:14:49,999 [INFO] trading212_bot: Analyzing CMCSA...
2026-07-08 21:14:50,226 [INFO] data.market_data: Fetched 400 rows for CMCSA
2026-07-08 21:14:50,887 [INFO] trading212_bot: Analyzing VRSN...
2026-07-08 21:14:51,017 [INFO] data.market_data: Fetched 400 rows for VRSN
2026-07-08 21:14:51,629 [INFO] trading212_bot: Analyzing CVX...
2026-07-08 21:14:51,837 [INFO] data.market_data: Fetched 400 rows for CVX
2026-07-08 21:14:52,180 [INFO] trading212_bot: Analyzing SBUX...
2026-07-08 21:14:52,342 [INFO] data.market_data: Fetched 400 rows for SBUX
2026-07-08 21:14:52,643 [INFO] trading212_bot: Analyzing ROKU...
2026-07-08 21:14:52,773 [INFO] data.market_data: Fetched 400 rows for ROKU
2026-07-08 21:14:53,078 [INFO] trading212_bot: Analyzing VOO...
2026-07-08 21:14:53,272 [INFO] data.market_data: Fetched 400 rows for VOO
2026-07-08 21:14:53,568 [INFO] trading212_bot: Analyzing BLK...
2026-07-08 21:14:53,764 [INFO] data.market_data: Fetched 400 rows for BLK
2026-07-08 21:14:54,069 [INFO] trading212_bot: Analyzing PLD...
2026-07-08 21:14:54,277 [INFO] data.market_data: Fetched 400 rows for PLD
2026-07-08 21:14:54,588 [INFO] trading212_bot: Analyzing INTC...
2026-07-08 21:14:54,833 [INFO] data.market_data: Fetched 400 rows for INTC
2026-07-08 21:14:55,191 [INFO] trading212_bot: Analyzing XLV...
2026-07-08 21:14:55,395 [INFO] data.market_data: Fetched 400 rows for XLV
2026-07-08 21:14:55,711 [INFO] trading212_bot: Analyzing FVRR...
2026-07-08 21:14:55,829 [INFO] data.market_data: Fetched 400 rows for FVRR
2026-07-08 21:14:56,129 [INFO] trading212_bot: Analyzing DHR...
2026-07-08 21:14:56,345 [INFO] data.market_data: Fetched 400 rows for DHR
2026-07-08 21:14:56,650 [INFO] trading212_bot: Analyzing CSCO...
2026-07-08 21:14:56,812 [INFO] data.market_data: Fetched 400 rows for CSCO
2026-07-08 21:14:57,107 [INFO] trading212_bot: Analyzing MA...
2026-07-08 21:14:57,238 [INFO] data.market_data: Fetched 400 rows for MA
2026-07-08 21:14:57,553 [INFO] trading212_bot: Analyzing PYPL...
2026-07-08 21:14:57,664 [INFO] data.market_data: Fetched 400 rows for PYPL
2026-07-08 21:14:57,977 [INFO] trading212_bot: Analyzing CL...
2026-07-08 21:14:58,265 [INFO] data.market_data: Fetched 400 rows for CL
2026-07-08 21:14:58,573 [INFO] trading212_bot: Analyzing VRTX...
2026-07-08 21:14:58,691 [INFO] data.market_data: Fetched 400 rows for VRTX
2026-07-08 21:14:58,992 [INFO] trading212_bot: Analyzing QQQ...
2026-07-08 21:14:59,164 [INFO] data.market_data: Fetched 400 rows for QQQ
2026-07-08 21:14:59,730 [INFO] trading212_bot: Analyzing ASML...
2026-07-08 21:14:59,889 [INFO] data.market_data: Fetched 400 rows for ASML
2026-07-08 21:15:00,224 [INFO] trading212_bot: Analyzing DLTR...
2026-07-08 21:15:00,380 [INFO] data.market_data: Fetched 400 rows for DLTR
2026-07-08 21:15:00,712 [INFO] trading212_bot: Analyzing QCOM...
2026-07-08 21:15:00,902 [INFO] data.market_data: Fetched 400 rows for QCOM
2026-07-08 21:15:01,249 [INFO] trading212_bot: Analyzing PEP...
2026-07-08 21:15:01,415 [INFO] data.market_data: Fetched 400 rows for PEP
2026-07-08 21:15:01,734 [INFO] trading212_bot: Analyzing ADP...
2026-07-08 21:15:02,038 [INFO] data.market_data: Fetched 400 rows for ADP
2026-07-08 21:15:02,377 [INFO] trading212_bot: Analyzing DE...
2026-07-08 21:15:02,654 [INFO] data.market_data: Fetched 400 rows for DE
2026-07-08 21:15:03,006 [INFO] trading212_bot: Analyzing FTNT...
2026-07-08 21:15:03,121 [INFO] data.market_data: Fetched 400 rows for FTNT
2026-07-08 21:15:03,450 [INFO] trading212_bot: Analyzing ZM...
2026-07-08 21:15:03,575 [INFO] data.market_data: Fetched 400 rows for ZM
2026-07-08 21:15:03,941 [INFO] trading212_bot: Analyzing TOST...
2026-07-08 21:15:04,086 [INFO] data.market_data: Fetched 400 rows for TOST
2026-07-08 21:15:04,517 [INFO] trading212_bot: Analyzing TEAM...
2026-07-08 21:15:04,656 [INFO] data.market_data: Fetched 400 rows for TEAM
2026-07-08 21:15:05,009 [INFO] trading212_bot: Analyzing AMGN...
2026-07-08 21:15:05,150 [INFO] data.market_data: Fetched 400 rows for AMGN
2026-07-08 21:15:05,456 [INFO] trading212_bot: Analyzing BDX...
2026-07-08 21:15:05,730 [INFO] data.market_data: Fetched 400 rows for BDX
2026-07-08 21:15:06,045 [INFO] trading212_bot: Analyzing PDD...
2026-07-08 21:15:06,171 [INFO] data.market_data: Fetched 400 rows for PDD
2026-07-08 21:15:06,486 [INFO] trading212_bot: Analyzing NKE...
2026-07-08 21:15:06,734 [INFO] data.market_data: Fetched 400 rows for NKE
2026-07-08 21:37:20,090 [ERROR] yfinance: HTTP Error 404: {"quoteSummary":{"result":null,"error":{"code":"Not Found","description":"Quote not found for symbol: ANSS"}}}
2026-07-08 21:37:20,292 [INFO] data.market_data: Filtered out ANSS: price=0.00 (min=5.00), avg_vol=0 (min=500000)
2026-07-08 21:37:55,123 [ERROR] yfinance: HTTP Error 404: {"quoteSummary":{"result":null,"error":{"code":"Not Found","description":"Quote not found for symbol: WBA"}}}
2026-07-08 21:37:55,310 [INFO] data.market_data: Filtered out WBA: price=0.00 (min=5.00), avg_vol=0 (min=500000)
2026-07-08 21:38:01,474 [ERROR] yfinance: HTTP Error 404: {"quoteSummary":{"result":null,"error":{"code":"Not Found","description":"Quote not found for symbol: CFLT"}}}
2026-07-08 21:38:01,720 [INFO] data.market_data: Filtered out CFLT: price=0.00 (min=5.00), avg_vol=0 (min=500000)
2026-07-08 21:38:03,588 [INFO] data.market_data: Filtered out BRK.B: price=0.00 (min=5.00), avg_vol=0 (min=500000)
2026-07-08 21:38:15,705 [INFO] data.market_data: Filtered out MMC: price=0.00 (min=5.00), avg_vol=0 (min=500000)
2026-07-08 21:38:17,580 [INFO] data.market_data: Filtered out ATVI: price=0.00 (min=5.00), avg_vol=0 (min=500000)
2026-07-08 21:38:19,199 [INFO] data.market_data: Universe filter: 184/190 tickers passed
2026-07-08 21:38:19,337 [INFO] data.market_data: Fetched 400 rows for ^GSPC
2026-07-08 21:38:19,452 [INFO] data.market_data: Fetched 383 rows for ^VIX
2026-07-08 21:38:19,454 [INFO] mt5_bot: Analyzing DOCU...
2026-07-08 21:38:19,511 [INFO] data.market_data: Fetched 400 rows for DOCU
2026-07-08 21:38:19,945 [INFO] mt5_bot: Analyzing XOM...
2026-07-08 21:38:20,127 [INFO] data.market_data: Fetched 400 rows for XOM
2026-07-08 21:38:20,574 [INFO] mt5_bot: Analyzing IDXX...
2026-07-08 21:38:20,642 [INFO] data.market_data: Fetched 400 rows for IDXX
2026-07-08 21:38:21,069 [INFO] mt5_bot: Analyzing EXC...
2026-07-08 21:38:21,208 [INFO] data.market_data: Fetched 400 rows for EXC
2026-07-08 21:38:21,657 [INFO] mt5_bot: Analyzing LULU...
2026-07-08 21:38:21,721 [INFO] data.market_data: Fetched 400 rows for LULU
2026-07-08 21:38:22,151 [INFO] mt5_bot: Analyzing ZS...
2026-07-08 21:38:22,219 [INFO] data.market_data: Fetched 400 rows for ZS
2026-07-08 21:38:22,666 [INFO] mt5_bot: Analyzing C...
2026-07-08 21:38:22,779 [INFO] data.market_data: Fetched 400 rows for C
2026-07-08 21:38:23,247 [INFO] mt5_bot: Analyzing XLB...
2026-07-08 21:38:23,360 [INFO] data.market_data: Fetched 400 rows for XLB
2026-07-08 21:38:23,740 [ERROR] yfinance: HTTP Error 404: {"quoteSummary":{"result":null,"error":{"code":"Not Found","description":"No fundamentals data found for symbol: XLB"}}}
2026-07-08 21:38:24,037 [INFO] mt5_bot: Analyzing SCHW...
2026-07-08 21:38:24,166 [INFO] data.market_data: Fetched 400 rows for SCHW
2026-07-08 21:38:24,607 [INFO] mt5_bot: Analyzing LMT...
2026-07-08 21:38:24,763 [INFO] data.market_data: Fetched 400 rows for LMT
2026-07-08 21:38:25,224 [INFO] mt5_bot: Analyzing DDOG...
2026-07-08 21:38:25,295 [INFO] data.market_data: Fetched 400 rows for DDOG
2026-07-08 21:38:25,759 [INFO] mt5_bot: Analyzing ORCL...
2026-07-08 21:38:25,870 [INFO] data.market_data: Fetched 400 rows for ORCL
2026-07-08 21:38:26,310 [INFO] mt5_bot: Analyzing PAYX...
2026-07-08 21:38:26,452 [INFO] data.market_data: Fetched 400 rows for PAYX
2026-07-08 21:38:26,884 [INFO] mt5_bot: Analyzing CSCO...
2026-07-08 21:38:26,981 [INFO] data.market_data: Fetched 400 rows for CSCO
2026-07-08 21:38:27,408 [INFO] mt5_bot: Analyzing MNST...
2026-07-08 21:38:27,530 [INFO] data.market_data: Fetched 400 rows for MNST
2026-07-08 21:38:27,987 [INFO] mt5_bot: Analyzing ETN...
2026-07-08 21:38:28,150 [INFO] data.market_data: Fetched 400 rows for ETN
2026-07-08 21:38:28,592 [INFO] mt5_bot: Analyzing IWM...
2026-07-08 21:38:28,694 [INFO] data.market_data: Fetched 400 rows for IWM
2026-07-08 21:38:29,248 [ERROR] yfinance: HTTP Error 404: {"quoteSummary":{"result":null,"error":{"code":"Not Found","description":"No fundamentals data found for symbol: IWM"}}}
2026-07-08 21:38:29,629 [INFO] mt5_bot: Analyzing AMGN...
2026-07-08 21:38:29,723 [INFO] data.market_data: Fetched 400 rows for AMGN
2026-07-08 21:38:30,167 [INFO] mt5_bot: Analyzing BMY...
2026-07-08 21:38:30,331 [INFO] data.market_data: Fetched 400 rows for BMY
2026-07-08 21:38:30,785 [INFO] mt5_bot: Analyzing XLI...
2026-07-08 21:38:30,898 [INFO] data.market_data: Fetched 400 rows for XLI
2026-07-08 21:38:31,270 [ERROR] yfinance: HTTP Error 404: {"quoteSummary":{"result":null,"error":{"code":"Not Found","description":"No fundamentals data found for symbol: XLI"}}}
2026-07-08 21:38:31,580 [INFO] mt5_bot: Analyzing UNH...
2026-07-08 21:38:31,695 [INFO] data.market_data: Fetched 400 rows for UNH
2026-07-08 21:38:32,365 [INFO] mt5_bot: Analyzing XLF...
2026-07-08 21:38:32,494 [INFO] data.market_data: Fetched 400 rows for XLF
2026-07-08 21:38:32,861 [ERROR] yfinance: HTTP Error 404: {"quoteSummary":{"result":null,"error":{"code":"Not Found","description":"No fundamentals data found for symbol: XLF"}}}
2026-07-08 21:38:33,184 [INFO] mt5_bot: Analyzing SWKS...
2026-07-08 21:38:33,264 [INFO] data.market_data: Fetched 400 rows for SWKS
2026-07-08 21:38:33,758 [INFO] mt5_bot: Analyzing MS...
2026-07-08 21:38:33,866 [INFO] data.market_data: Fetched 400 rows for MS
2026-07-08 21:38:34,343 [INFO] mt5_bot: Analyzing XLV...
2026-07-08 21:38:34,466 [INFO] data.market_data: Fetched 400 rows for XLV
2026-07-08 21:38:34,848 [ERROR] yfinance: HTTP Error 404: {"quoteSummary":{"result":null,"error":{"code":"Not Found","description":"No fundamentals data found for symbol: XLV"}}}
2026-07-08 21:38:35,234 [INFO] mt5_bot: Analyzing PANW...
2026-07-08 21:38:35,306 [INFO] data.market_data: Fetched 400 rows for PANW
2026-07-08 21:38:35,736 [INFO] mt5_bot: Analyzing ROKU...
2026-07-08 21:38:35,802 [INFO] data.market_data: Fetched 400 rows for ROKU
2026-07-08 21:38:36,230 [INFO] mt5_bot: Analyzing XLY...
2026-07-08 21:38:36,345 [INFO] data.market_data: Fetched 400 rows for XLY
2026-07-08 21:38:36,731 [ERROR] yfinance: HTTP Error 404: {"quoteSummary":{"result":null,"error":{"code":"Not Found","description":"No fundamentals data found for symbol: XLY"}}}
2026-07-08 21:38:37,047 [INFO] mt5_bot: Analyzing CDNS...
2026-07-08 21:38:37,115 [INFO] data.market_data: Fetched 400 rows for CDNS
2026-07-08 21:38:37,564 [INFO] mt5_bot: Analyzing BIIB...
2026-07-08 21:38:37,629 [INFO] data.market_data: Fetched 400 rows for BIIB
2026-07-08 21:38:38,202 [INFO] mt5_bot: Analyzing ORLY...
2026-07-08 21:38:38,424 [INFO] data.market_data: Fetched 400 rows for ORLY
2026-07-08 21:38:39,072 [INFO] mt5_bot: Analyzing ACN...
2026-07-08 21:38:39,202 [INFO] data.market_data: Fetched 400 rows for ACN
2026-07-08 21:38:39,624 [INFO] mt5_bot: Analyzing DXCM...
2026-07-08 21:38:39,681 [INFO] data.market_data: Fetched 400 rows for DXCM
2026-07-08 21:38:40,176 [INFO] mt5_bot: Analyzing CPRT...
2026-07-08 21:38:40,235 [INFO] data.market_data: Fetched 400 rows for CPRT
2026-07-08 21:38:40,881 [INFO] mt5_bot: Analyzing CAT...
2026-07-08 21:38:41,038 [INFO] data.market_data: Fetched 400 rows for CAT
2026-07-08 21:38:41,559 [INFO] mt5_bot: Analyzing ILMN...
2026-07-08 21:38:41,626 [INFO] data.market_data: Fetched 400 rows for ILMN
2026-07-08 21:38:42,330 [INFO] mt5_bot: Analyzing HOOD...
2026-07-08 21:38:42,402 [INFO] data.market_data: Fetched 400 rows for HOOD
2026-07-08 21:38:42,868 [INFO] mt5_bot: Analyzing CRWD...
2026-07-08 21:38:42,936 [INFO] data.market_data: Fetched 400 rows for CRWD
2026-07-08 21:38:43,380 [INFO] mt5_bot: Analyzing VRTX...
2026-07-08 21:38:43,442 [INFO] data.market_data: Fetched 400 rows for VRTX
2026-07-08 21:38:43,884 [INFO] mt5_bot: Analyzing PM...
2026-07-08 21:38:43,976 [INFO] data.market_data: Fetched 400 rows for PM
2026-07-08 21:38:44,474 [INFO] mt5_bot: Analyzing DIS...
2026-07-08 21:38:44,607 [INFO] data.market_data: Fetched 400 rows for DIS
2026-07-08 21:38:45,062 [INFO] mt5_bot: Analyzing AVGO...
2026-07-08 21:38:45,160 [INFO] data.market_data: Fetched 400 rows for AVGO
2026-07-08 21:38:45,647 [INFO] mt5_bot: Analyzing MAR...
2026-07-08 21:38:45,773 [INFO] data.market_data: Fetched 400 rows for MAR
2026-07-08 21:38:46,228 [INFO] mt5_bot: Analyzing SPY...
2026-07-08 21:38:46,336 [INFO] data.market_data: Fetched 400 rows for SPY
2026-07-08 21:38:46,845 [ERROR] yfinance: HTTP Error 404: {"quoteSummary":{"result":null,"error":{"code":"Not Found","description":"No fundamentals data found for symbol: SPY"}}}
2026-07-08 21:38:47,141 [INFO] mt5_bot: Analyzing XLE...
2026-07-08 21:38:47,244 [INFO] data.market_data: Fetched 400 rows for XLE
2026-07-08 21:38:47,626 [ERROR] yfinance: HTTP Error 404: {"quoteSummary":{"result":null,"error":{"code":"Not Found","description":"No fundamentals data found for symbol: XLE"}}}
2026-07-08 21:38:47,940 [INFO] mt5_bot: Analyzing HON...
2026-07-08 21:38:48,100 [INFO] data.market_data: Fetched 400 rows for HON
2026-07-08 21:38:48,556 [INFO] mt5_bot: Analyzing UPS...
2026-07-08 21:38:48,662 [INFO] data.market_data: Fetched 400 rows for UPS
2026-07-08 21:38:49,270 [INFO] mt5_bot: Analyzing TSLA...
2026-07-08 21:38:49,340 [INFO] data.market_data: Fetched 400 rows for TSLA
2026-07-08 21:38:49,775 [INFO] mt5_bot: Analyzing LCID...
2026-07-08 21:38:49,839 [INFO] data.market_data: Fetched 400 rows for LCID
2026-07-08 21:38:50,267 [INFO] mt5_bot: Analyzing ABNB...
2026-07-08 21:38:50,326 [INFO] data.market_data: Fetched 400 rows for ABNB
2026-07-08 21:38:50,758 [INFO] mt5_bot: Analyzing DIA...
2026-07-08 21:38:50,861 [INFO] data.market_data: Fetched 400 rows for DIA
2026-07-08 21:38:51,267 [ERROR] yfinance: HTTP Error 404: {"quoteSummary":{"result":null,"error":{"code":"Not Found","description":"No fundamentals data found for symbol: DIA"}}}
2026-07-08 21:38:51,570 [INFO] mt5_bot: Analyzing ISRG...
2026-07-08 21:38:51,633 [INFO] data.market_data: Fetched 400 rows for ISRG
2026-07-08 21:38:52,075 [INFO] mt5_bot: Analyzing GILD...
2026-07-08 21:38:52,149 [INFO] data.market_data: Fetched 400 rows for GILD
2026-07-08 21:38:52,614 [INFO] mt5_bot: Analyzing SPGI...
2026-07-08 21:38:52,764 [INFO] data.market_data: Fetched 400 rows for SPGI
2026-07-08 21:38:53,206 [INFO] mt5_bot: Analyzing CHTR...
2026-07-08 21:38:53,268 [INFO] data.market_data: Fetched 400 rows for CHTR
2026-07-08 21:38:53,780 [INFO] mt5_bot: Analyzing VZ...
2026-07-08 21:38:53,907 [INFO] data.market_data: Fetched 400 rows for VZ
2026-07-08 21:38:54,355 [INFO] mt5_bot: Analyzing SNPS...
2026-07-08 21:38:54,419 [INFO] data.market_data: Fetched 400 rows for SNPS
2026-07-08 21:38:55,052 [INFO] mt5_bot: Analyzing ELV...
2026-07-08 21:38:55,153 [INFO] data.market_data: Fetched 400 rows for ELV
2026-07-08 21:38:55,587 [INFO] mt5_bot: Analyzing QCOM...
2026-07-08 21:38:55,692 [INFO] data.market_data: Fetched 400 rows for QCOM
2026-07-08 21:38:56,119 [INFO] mt5_bot: Analyzing MRVL...
2026-07-08 21:38:56,209 [INFO] data.market_data: Fetched 400 rows for MRVL
2026-07-08 21:38:56,637 [INFO] mt5_bot: Analyzing XLP...
2026-07-08 21:38:56,735 [INFO] data.market_data: Fetched 400 rows for XLP
2026-07-08 21:38:57,116 [ERROR] yfinance: HTTP Error 404: {"quoteSummary":{"result":null,"error":{"code":"Not Found","description":"No fundamentals data found for symbol: XLP"}}}
2026-07-08 21:38:57,425 [INFO] mt5_bot: Analyzing ROP...
2026-07-08 21:38:57,536 [INFO] data.market_data: Fetched 400 rows for ROP
2026-07-08 21:38:57,971 [INFO] mt5_bot: Analyzing BSX...
2026-07-08 21:38:58,036 [INFO] data.market_data: Fetched 400 rows for BSX
2026-07-08 21:38:58,465 [INFO] mt5_bot: Analyzing NXPI...
2026-07-08 21:38:58,563 [INFO] data.market_data: Fetched 400 rows for NXPI
2026-07-08 21:38:59,004 [INFO] mt5_bot: Analyzing BKNG...
2026-07-08 21:38:59,082 [INFO] data.market_data: Fetched 400 rows for BKNG
2026-07-08 21:38:59,508 [INFO] mt5_bot: Analyzing VRSK...
2026-07-08 21:38:59,588 [INFO] data.market_data: Fetched 400 rows for VRSK
2026-07-08 21:39:00,027 [INFO] mt5_bot: Analyzing MCD...
2026-07-08 21:39:00,221 [INFO] data.market_data: Fetched 400 rows for MCD
2026-07-08 21:39:00,655 [INFO] mt5_bot: Analyzing INTU...
2026-07-08 21:39:00,754 [INFO] data.market_data: Fetched 400 rows for INTU
2026-07-08 21:39:01,230 [INFO] mt5_bot: Analyzing PDD...
2026-07-08 21:39:01,291 [INFO] data.market_data: Fetched 400 rows for PDD
2026-07-08 21:39:01,741 [INFO] mt5_bot: Analyzing GS...
2026-07-08 21:39:01,825 [INFO] data.market_data: Fetched 400 rows for GS
2026-07-08 21:39:02,268 [INFO] mt5_bot: Analyzing FAST...
2026-07-08 21:39:02,369 [INFO] data.market_data: Fetched 400 rows for FAST
2026-07-08 21:39:02,805 [INFO] mt5_bot: Analyzing CVX...
2026-07-08 21:39:02,941 [INFO] data.market_data: Fetched 400 rows for CVX
2026-07-08 21:39:03,395 [INFO] mt5_bot: Analyzing SYK...
2026-07-08 21:39:03,500 [INFO] data.market_data: Fetched 400 rows for SYK
2026-07-08 21:39:03,925 [INFO] mt5_bot: Analyzing V...
2026-07-08 21:39:04,027 [INFO] data.market_data: Fetched 400 rows for V
2026-07-08 21:39:04,482 [INFO] mt5_bot: Analyzing VRSN...
2026-07-08 21:39:04,564 [INFO] data.market_data: Fetched 400 rows for VRSN
2026-07-08 21:39:04,985 [INFO] mt5_bot: Analyzing KO...
2026-07-08 21:39:05,124 [INFO] data.market_data: Fetched 400 rows for KO
2026-07-08 21:39:05,566 [INFO] mt5_bot: Analyzing OKTA...
2026-07-08 21:39:05,634 [INFO] data.market_data: Fetched 400 rows for OKTA
2026-07-08 21:39:06,114 [INFO] mt5_bot: Analyzing BA...
2026-07-08 21:39:06,276 [INFO] data.market_data: Fetched 400 rows for BA
2026-07-08 21:39:06,714 [INFO] mt5_bot: Analyzing GOOGL...
2026-07-08 21:39:06,792 [INFO] data.market_data: Fetched 400 rows for GOOGL
2026-07-08 21:39:07,236 [INFO] mt5_bot: Analyzing AXP...
2026-07-08 21:39:07,359 [INFO] data.market_data: Fetched 400 rows for AXP
2026-07-08 21:39:07,833 [INFO] mt5_bot: Analyzing MU...
2026-07-08 21:39:07,952 [INFO] data.market_data: Fetched 400 rows for MU
2026-07-08 21:39:08,403 [INFO] mt5_bot: Analyzing SBUX...
2026-07-08 21:39:08,495 [INFO] data.market_data: Fetched 400 rows for SBUX
2026-07-08 21:39:08,948 [INFO] mt5_bot: Analyzing IBM...
2026-07-08 21:39:09,110 [INFO] data.market_data: Fetched 400 rows for IBM
2026-07-08 21:39:09,566 [INFO] mt5_bot: Analyzing GE...
2026-07-08 21:39:09,880 [INFO] data.market_data: Fetched 400 rows for GE
2026-07-08 21:39:10,579 [INFO] mt5_bot: Analyzing PG...
2026-07-08 21:39:10,732 [INFO] data.market_data: Fetched 400 rows for PG
2026-07-08 21:39:11,404 [INFO] mt5_bot: Analyzing IVV...
2026-07-08 21:39:11,503 [INFO] data.market_data: Fetched 400 rows for IVV
2026-07-08 21:39:11,909 [ERROR] yfinance: HTTP Error 404: {"quoteSummary":{"result":null,"error":{"code":"Not Found","description":"No fundamentals data found for symbol: IVV"}}}
2026-07-08 21:39:12,203 [INFO] mt5_bot: Analyzing ALGN...
2026-07-08 21:39:12,267 [INFO] data.market_data: Fetched 400 rows for ALGN
2026-07-08 21:39:12,720 [INFO] mt5_bot: Analyzing TXN...
2026-07-08 21:39:12,890 [INFO] data.market_data: Fetched 400 rows for TXN
2026-07-08 21:39:13,345 [INFO] mt5_bot: Analyzing TOST...
2026-07-08 21:39:13,429 [INFO] data.market_data: Fetched 400 rows for TOST
2026-07-08 21:39:13,865 [INFO] mt5_bot: Analyzing ADI...
2026-07-08 21:39:13,967 [INFO] data.market_data: Fetched 400 rows for ADI
2026-07-08 21:39:14,464 [INFO] mt5_bot: Analyzing XLU...
2026-07-08 21:39:14,585 [INFO] data.market_data: Fetched 400 rows for XLU
2026-07-08 21:39:14,970 [ERROR] yfinance: HTTP Error 404: {"quoteSummary":{"result":null,"error":{"code":"Not Found","description":"No fundamentals data found for symbol: XLU"}}}
2026-07-08 21:39:15,277 [INFO] mt5_bot: Analyzing LOW...
2026-07-08 21:39:15,401 [INFO] data.market_data: Fetched 400 rows for LOW
2026-07-08 21:39:16,029 [INFO] mt5_bot: Analyzing KDP...
2026-07-08 21:39:16,115 [INFO] data.market_data: Fetched 400 rows for KDP
2026-07-08 21:39:16,590 [INFO] mt5_bot: Analyzing CMCSA...
2026-07-08 21:39:16,724 [INFO] data.market_data: Fetched 400 rows for CMCSA
2026-07-08 21:39:17,165 [INFO] mt5_bot: Analyzing FVRR...
2026-07-08 21:39:17,232 [INFO] data.market_data: Fetched 400 rows for FVRR
2026-07-08 21:39:17,842 [INFO] mt5_bot: Analyzing NVDA...
2026-07-08 21:39:17,928 [INFO] data.market_data: Fetched 400 rows for NVDA
2026-07-08 21:39:18,362 [INFO] mt5_bot: Analyzing HD...
2026-07-08 21:39:18,485 [INFO] data.market_data: Fetched 400 rows for HD
2026-07-08 21:39:18,916 [INFO] mt5_bot: Analyzing GTLB...
2026-07-08 21:39:18,977 [INFO] data.market_data: Fetched 400 rows for GTLB
2026-07-08 21:39:19,452 [INFO] mt5_bot: Analyzing VOO...
2026-07-08 21:39:19,587 [INFO] data.market_data: Fetched 400 rows for VOO
2026-07-08 21:39:19,988 [ERROR] yfinance: HTTP Error 404: {"quoteSummary":{"result":null,"error":{"code":"Not Found","description":"No fundamentals data found for symbol: VOO"}}}
2026-07-08 21:39:20,306 [INFO] mt5_bot: Analyzing TMO...
2026-07-08 21:39:20,414 [INFO] data.market_data: Fetched 400 rows for TMO
2026-07-08 21:39:21,129 [INFO] mt5_bot: Analyzing REGN...
2026-07-08 21:39:21,225 [INFO] data.market_data: Fetched 400 rows for REGN
2026-07-08 21:39:21,647 [INFO] mt5_bot: Analyzing WBD...
2026-07-08 21:39:21,725 [INFO] data.market_data: Fetched 400 rows for WBD
2026-07-08 21:39:22,166 [INFO] mt5_bot: Analyzing DLTR...
2026-07-08 21:39:22,230 [INFO] data.market_data: Fetched 400 rows for DLTR
2026-07-08 21:39:22,648 [INFO] mt5_bot: Analyzing DHR...
2026-07-08 21:39:22,771 [INFO] data.market_data: Fetched 400 rows for DHR
2026-07-08 21:39:23,227 [INFO] mt5_bot: Analyzing CL...
2026-07-08 21:39:23,355 [INFO] data.market_data: Fetched 400 rows for CL
2026-07-08 21:39:23,823 [INFO] mt5_bot: Analyzing AMZN...
2026-07-08 21:39:23,890 [INFO] data.market_data: Fetched 400 rows for AMZN
2026-07-08 21:39:24,328 [INFO] mt5_bot: Analyzing ZTS...
2026-07-08 21:39:24,410 [INFO] data.market_data: Fetched 400 rows for ZTS
2026-07-08 21:39:24,866 [INFO] mt5_bot: Analyzing XLK...
2026-07-08 21:39:24,987 [INFO] data.market_data: Fetched 400 rows for XLK
2026-07-08 21:39:25,377 [ERROR] yfinance: HTTP Error 404: {"quoteSummary":{"result":null,"error":{"code":"Not Found","description":"No fundamentals data found for symbol: XLK"}}}
2026-07-08 21:39:25,691 [INFO] mt5_bot: Analyzing TGT...
2026-07-08 21:39:25,814 [INFO] data.market_data: Fetched 400 rows for TGT
2026-07-08 21:39:26,286 [INFO] mt5_bot: Analyzing TMUS...
2026-07-08 21:39:26,373 [INFO] data.market_data: Fetched 400 rows for TMUS
2026-07-08 21:39:26,862 [INFO] mt5_bot: Analyzing VEA...
2026-07-08 21:39:26,964 [INFO] data.market_data: Fetched 400 rows for VEA
2026-07-08 21:39:27,350 [ERROR] yfinance: HTTP Error 404: {"quoteSummary":{"result":null,"error":{"code":"Not Found","description":"No fundamentals data found for symbol: VEA"}}}
2026-07-08 21:39:27,648 [INFO] mt5_bot: Analyzing ESTC...
2026-07-08 21:39:27,718 [INFO] data.market_data: Fetched 400 rows for ESTC
2026-07-08 21:39:28,147 [INFO] mt5_bot: Analyzing NEE...
2026-07-08 21:39:28,269 [INFO] data.market_data: Fetched 400 rows for NEE
2026-07-08 21:39:28,732 [INFO] mt5_bot: Analyzing MDT...
2026-07-08 21:39:28,858 [INFO] data.market_data: Fetched 400 rows for MDT
2026-07-08 21:39:29,323 [INFO] mt5_bot: Analyzing T...
2026-07-08 21:39:29,462 [INFO] data.market_data: Fetched 400 rows for T
2026-07-08 21:39:29,904 [INFO] mt5_bot: Analyzing PGR...
2026-07-08 21:39:30,016 [INFO] data.market_data: Fetched 400 rows for PGR
2026-07-08 21:39:30,451 [INFO] mt5_bot: Analyzing QQQ...
2026-07-08 21:39:30,564 [INFO] data.market_data: Fetched 400 rows for QQQ
2026-07-08 21:39:30,946 [ERROR] yfinance: HTTP Error 404: {"quoteSummary":{"result":null,"error":{"code":"Not Found","description":"No fundamentals data found for symbol: QQQ"}}}
2026-07-08 21:39:31,572 [INFO] mt5_bot: Analyzing EA...
2026-07-08 21:39:31,656 [INFO] data.market_data: Fetched 400 rows for EA
2026-07-08 21:39:32,087 [INFO] mt5_bot: Analyzing MRNA...
2026-07-08 21:39:32,156 [INFO] data.market_data: Fetched 400 rows for MRNA
2026-07-08 21:39:32,609 [INFO] mt5_bot: Analyzing GOOG...
2026-07-08 21:39:32,715 [INFO] data.market_data: Fetched 400 rows for GOOG
2026-07-08 21:39:33,184 [INFO] mt5_bot: Analyzing META...
2026-07-08 21:39:33,257 [INFO] data.market_data: Fetched 400 rows for META
2026-07-08 21:39:33,729 [INFO] mt5_bot: Analyzing MSFT...
2026-07-08 21:39:33,844 [INFO] data.market_data: Fetched 400 rows for MSFT
2026-07-08 21:39:34,366 [INFO] mt5_bot: Analyzing RTX...
2026-07-08 21:39:34,520 [INFO] data.market_data: Fetched 400 rows for RTX
2026-07-08 21:39:34,936 [INFO] mt5_bot: Analyzing NOW...
2026-07-08 21:39:35,019 [INFO] data.market_data: Fetched 400 rows for NOW
2026-07-08 21:39:35,481 [INFO] mt5_bot: Analyzing ADBE...
2026-07-08 21:39:35,555 [INFO] data.market_data: Fetched 400 rows for ADBE
2026-07-08 21:39:36,024 [INFO] mt5_bot: Analyzing AAPL...
2026-07-08 21:39:36,132 [INFO] data.market_data: Fetched 400 rows for AAPL
2026-07-08 21:39:36,598 [INFO] mt5_bot: Analyzing PFE...
2026-07-08 21:39:36,781 [INFO] data.market_data: Fetched 400 rows for PFE
2026-07-08 21:39:37,408 [INFO] mt5_bot: Analyzing NKE...
2026-07-08 21:39:37,529 [INFO] data.market_data: Fetched 400 rows for NKE
2026-07-08 21:39:37,985 [INFO] mt5_bot: Analyzing BLK...
2026-07-08 21:39:38,088 [INFO] data.market_data: Fetched 400 rows for BLK
2026-07-08 21:39:38,516 [INFO] mt5_bot: Analyzing ODFL...
2026-07-08 21:39:38,614 [INFO] data.market_data: Fetched 400 rows for ODFL
2026-07-08 21:39:39,057 [INFO] mt5_bot: Analyzing CTSH...
2026-07-08 21:39:39,144 [INFO] data.market_data: Fetched 400 rows for CTSH
2026-07-08 21:39:39,767 [INFO] mt5_bot: Analyzing CRM...
2026-07-08 21:39:39,866 [INFO] data.market_data: Fetched 400 rows for CRM
2026-07-08 21:39:40,316 [INFO] mt5_bot: Analyzing BND...
2026-07-08 21:39:40,410 [INFO] data.market_data: Fetched 400 rows for BND
2026-07-08 21:39:40,804 [ERROR] yfinance: HTTP Error 404: {"quoteSummary":{"result":null,"error":{"code":"Not Found","description":"No fundamentals data found for symbol: BND"}}}
2026-07-08 21:39:41,403 [INFO] mt5_bot: Analyzing CB...
2026-07-08 21:39:41,544 [INFO] data.market_data: Fetched 400 rows for CB
2026-07-08 21:39:41,989 [INFO] mt5_bot: Analyzing SO...
2026-07-08 21:39:42,114 [INFO] data.market_data: Fetched 400 rows for SO
2026-07-08 21:39:42,725 [INFO] mt5_bot: Analyzing SIRI...
2026-07-08 21:39:42,832 [INFO] data.market_data: Fetched 400 rows for SIRI
2026-07-08 21:39:43,259 [INFO] mt5_bot: Analyzing PATH...
2026-07-08 21:39:43,323 [INFO] data.market_data: Fetched 400 rows for PATH
2026-07-08 21:39:43,758 [INFO] mt5_bot: Analyzing VTI...
2026-07-08 21:39:43,858 [INFO] data.market_data: Fetched 400 rows for VTI
2026-07-08 21:39:44,248 [ERROR] yfinance: HTTP Error 404: {"quoteSummary":{"result":null,"error":{"code":"Not Found","description":"No fundamentals data found for symbol: VTI"}}}
2026-07-08 21:39:44,553 [INFO] mt5_bot: Analyzing NFLX...
2026-07-08 21:39:44,636 [INFO] data.market_data: Fetched 400 rows for NFLX
2026-07-08 21:39:45,063 [INFO] mt5_bot: Analyzing AZN...
2026-07-08 21:39:45,180 [INFO] data.market_data: Fetched 400 rows for AZN
2026-07-08 21:39:45,615 [INFO] mt5_bot: Analyzing MA...
2026-07-08 21:39:45,719 [INFO] data.market_data: Fetched 400 rows for MA
2026-07-08 21:39:46,157 [INFO] mt5_bot: Analyzing EOG...
2026-07-08 21:39:46,307 [INFO] data.market_data: Fetched 400 rows for EOG
2026-07-08 21:39:46,760 [INFO] mt5_bot: Analyzing DASH...
2026-07-08 21:39:46,830 [INFO] data.market_data: Fetched 400 rows for DASH
2026-07-08 21:39:47,335 [INFO] mt5_bot: Analyzing BDX...
2026-07-08 21:39:47,493 [INFO] data.market_data: Fetched 400 rows for BDX
2026-07-08 21:39:47,921 [INFO] mt5_bot: Analyzing UNP...
2026-07-08 21:39:48,054 [INFO] data.market_data: Fetched 400 rows for UNP
2026-07-08 21:39:48,491 [INFO] mt5_bot: Analyzing WDAY...
2026-07-08 21:39:48,572 [INFO] data.market_data: Fetched 400 rows for WDAY
2026-07-08 21:39:49,037 [INFO] mt5_bot: Analyzing PLD...
2026-07-08 21:39:49,165 [INFO] data.market_data: Fetched 400 rows for PLD
2026-07-08 21:39:49,809 [INFO] mt5_bot: Analyzing INTC...
2026-07-08 21:39:49,943 [INFO] data.market_data: Fetched 400 rows for INTC
2026-07-08 21:39:50,399 [INFO] mt5_bot: Analyzing MDLZ...
2026-07-08 21:39:50,514 [INFO] data.market_data: Fetched 400 rows for MDLZ
2026-07-08 21:39:50,944 [INFO] mt5_bot: Analyzing TTWO...
2026-07-08 21:39:51,015 [INFO] data.market_data: Fetched 400 rows for TTWO
2026-07-08 21:39:51,464 [INFO] mt5_bot: Analyzing MDB...
2026-07-08 21:39:51,532 [INFO] data.market_data: Fetched 400 rows for MDB
2026-07-08 21:39:51,967 [INFO] mt5_bot: Analyzing ZM...
2026-07-08 21:39:52,033 [INFO] data.market_data: Fetched 400 rows for ZM
2026-07-08 21:39:52,494 [INFO] mt5_bot: Analyzing CME...
2026-07-08 21:39:52,592 [INFO] data.market_data: Fetched 400 rows for CME
2026-07-08 21:39:53,037 [INFO] mt5_bot: Analyzing EBAY...
2026-07-08 21:39:53,111 [INFO] data.market_data: Fetched 400 rows for EBAY
2026-07-08 21:39:53,600 [INFO] mt5_bot: Analyzing JNJ...
2026-07-08 21:39:53,760 [INFO] data.market_data: Fetched 400 rows for JNJ
2026-07-08 21:39:54,287 [INFO] mt5_bot: Analyzing ADP...
2026-07-08 21:39:54,411 [INFO] data.market_data: Fetched 400 rows for ADP
2026-07-08 21:39:54,852 [INFO] mt5_bot: Analyzing ASML...
2026-07-08 21:39:55,050 [INFO] data.market_data: Fetched 400 rows for ASML
2026-07-08 21:39:55,517 [INFO] mt5_bot: Analyzing MCHP...
2026-07-08 21:39:55,632 [INFO] data.market_data: Fetched 400 rows for MCHP
2026-07-08 21:39:56,106 [INFO] mt5_bot: Analyzing FTNT...
2026-07-08 21:39:56,172 [INFO] data.market_data: Fetched 400 rows for FTNT
2026-07-08 21:39:56,604 [INFO] mt5_bot: Analyzing COP...
2026-07-08 21:39:56,752 [INFO] data.market_data: Fetched 400 rows for COP
2026-07-08 21:39:57,186 [INFO] mt5_bot: Analyzing KLAC...
2026-07-08 21:39:57,305 [INFO] data.market_data: Fetched 400 rows for KLAC
2026-07-08 21:39:57,753 [INFO] mt5_bot: Analyzing RIVN...
2026-07-08 21:39:57,838 [INFO] data.market_data: Fetched 400 rows for RIVN
2026-07-08 21:39:58,324 [INFO] mt5_bot: Analyzing PYPL...
2026-07-08 21:39:58,428 [INFO] data.market_data: Fetched 400 rows for PYPL
2026-07-08 21:39:58,862 [INFO] mt5_bot: Analyzing XLRE...
2026-07-08 21:39:58,940 [INFO] data.market_data: Fetched 400 rows for XLRE
2026-07-08 21:39:59,555 [ERROR] yfinance: HTTP Error 404: {"quoteSummary":{"result":null,"error":{"code":"Not Found","description":"No fundamentals data found for symbol: XLRE"}}}
2026-07-08 21:39:59,855 [INFO] mt5_bot: Analyzing JPM...
2026-07-08 21:40:00,008 [INFO] data.market_data: Fetched 400 rows for JPM
2026-07-08 21:40:00,443 [INFO] mt5_bot: Analyzing AMD...
2026-07-08 21:40:00,513 [INFO] data.market_data: Fetched 400 rows for AMD
2026-07-08 21:40:00,984 [INFO] mt5_bot: Analyzing NET...
2026-07-08 21:40:01,063 [INFO] data.market_data: Fetched 400 rows for NET
2026-07-08 21:40:01,547 [INFO] mt5_bot: Analyzing LRCX...
2026-07-08 21:40:01,649 [INFO] data.market_data: Fetched 400 rows for LRCX
2026-07-08 21:40:02,236 [INFO] mt5_bot: Analyzing BAC...
2026-07-08 21:40:02,385 [INFO] data.market_data: Fetched 400 rows for BAC
2026-07-08 21:40:02,877 [INFO] mt5_bot: Analyzing ABBV...
2026-07-08 21:40:02,968 [INFO] data.market_data: Fetched 400 rows for ABBV
2026-07-08 21:40:03,470 [INFO] mt5_bot: Analyzing ABT...
2026-07-08 21:40:03,609 [INFO] data.market_data: Fetched 400 rows for ABT
2026-07-08 21:40:04,061 [INFO] mt5_bot: Analyzing DE...
2026-07-08 21:40:04,210 [INFO] data.market_data: Fetched 400 rows for DE
2026-07-08 21:40:04,656 [INFO] mt5_bot: Analyzing TEAM...
2026-07-08 21:40:04,721 [INFO] data.market_data: Fetched 400 rows for TEAM
2026-07-08 21:40:05,203 [INFO] mt5_bot: Analyzing AMAT...
2026-07-08 21:40:05,308 [INFO] data.market_data: Fetched 400 rows for AMAT
2026-07-08 21:40:05,748 [INFO] mt5_bot: Analyzing PEP...
2026-07-08 21:40:05,891 [INFO] data.market_data: Fetched 400 rows for PEP
2026-07-08 21:40:06,341 [INFO] mt5_bot: Analyzing MELI...
2026-07-08 21:40:06,411 [INFO] data.market_data: Fetched 400 rows for MELI
2026-07-08 21:40:07,113 [INFO] mt5_bot: Analyzing XEL...
2026-07-08 21:40:07,237 [INFO] data.market_data: Fetched 400 rows for XEL
2026-07-08 21:40:07,666 [INFO] mt5_bot: Analyzing VWO...
2026-07-08 21:40:07,774 [INFO] data.market_data: Fetched 400 rows for VWO
2026-07-08 21:40:08,202 [ERROR] yfinance: HTTP Error 404: {"quoteSummary":{"result":null,"error":{"code":"Not Found","description":"No fundamentals data found for symbol: VWO"}}}
2026-07-08 21:40:08,525 [INFO] mt5_bot: Analyzing LIN...
2026-07-08 21:40:08,634 [INFO] data.market_data: Fetched 400 rows for LIN
2026-07-08 21:40:09,094 [INFO] mt5_bot: Analyzing CI...
2026-07-08 21:40:09,212 [INFO] data.market_data: Fetched 400 rows for CI
2026-07-08 21:40:09,846 [INFO] mt5_bot: Analyzing WMT...
2026-07-08 21:40:10,027 [INFO] data.market_data: Fetched 400 rows for WMT
2026-07-08 21:40:10,499 [INFO] mt5_bot: Analyzing DUK...
2026-07-08 21:40:10,639 [INFO] data.market_data: Fetched 400 rows for DUK
2026-07-08 21:40:11,282 [INFO] mt5_bot: Analyzing ITW...
2026-07-08 21:40:11,429 [INFO] data.market_data: Fetched 400 rows for ITW
2026-07-08 21:40:11,878 [INFO] mt5_bot: Analyzing COST...
2026-07-08 21:40:11,971 [INFO] data.market_data: Fetched 400 rows for COST
2026-07-08 21:44:38,958 [INFO] data.mt5_adapter: MetaTrader5Client initialised (host=localhost:18812, server=, login=None)
2026-07-08 21:44:38,959 [ERROR] data.mt5_adapter: Failed to connect to MT5 bridge: [Errno 61] Connection refused
2026-07-08 21:44:38,960 [ERROR] data.mt5_adapter: Failed to connect to MT5 bridge: [Errno 61] Connection refused
2026-07-08 21:44:38,960 [INFO] data.mt5_adapter: Disconnected from MT5
2026-07-08 21:45:19,163 [INFO] data.mt5_adapter: MetaTrader5Client initialised (host=localhost:18812, server=, login=None)
2026-07-08 21:45:19,163 [ERROR] data.mt5_adapter: Failed to connect to MT5 bridge: [Errno 61] Connection refused
2026-07-08 21:45:19,164 [ERROR] data.mt5_adapter: Failed to connect to MT5 bridge: [Errno 61] Connection refused
2026-07-08 21:45:19,164 [INFO] data.mt5_adapter: Disconnected from MT5
